1740977279.359311 client started (620279): version 3.0a, socket /tmp/tmux-1000/default, protocol 8
1740977279.359329 on Linux 5.15.167.4-microsoft-standard-WSL2 #1 SMP Tue Nov 5 00:21:55 UTC 2024; libevent 2.1.11-stable (poll)
1740977279.359340 socket is /tmp/tmux-1000/default
1740977279.359347 trying connect
1740977279.359410 add peer 0x55bdce35e4a0: 6 ((nil))
1740977279.359484 sending message 100 to peer 0x55bdce35e4a0 (4 bytes)
1740977279.359491 sending message 101 to peer 0x55bdce35e4a0 (16 bytes)
1740977279.359494 sending message 102 to peer 0x55bdce35e4a0 (11 bytes)
1740977279.359496 sending message 108 to peer 0x55bdce35e4a0 (27 bytes)
1740977279.359499 sending message 104 to peer 0x55bdce35e4a0 (0 bytes)
1740977279.359502 sending message 107 to peer 0x55bdce35e4a0 (4 bytes)
1740977279.359504 sending message 105 to peer 0x55bdce35e4a0 (38 bytes)
1740977279.359507 sending message 105 to peer 0x55bdce35e4a0 (54 bytes)
1740977279.359509 sending message 105 to peer 0x55bdce35e4a0 (11 bytes)
1740977279.359512 sending message 105 to peer 0x55bdce35e4a0 (18 bytes)
1740977279.359514 sending message 105 to peer 0x55bdce35e4a0 (33 bytes)
1740977279.359526 sending message 105 to peer 0x55bdce35e4a0 (26 bytes)
1740977279.359529 sending message 105 to peer 0x55bdce35e4a0 (16 bytes)
1740977279.359531 sending message 105 to peer 0x55bdce35e4a0 (45 bytes)
1740977279.359542 sending message 105 to peer 0x55bdce35e4a0 (13 bytes)
1740977279.359545 sending message 105 to peer 0x55bdce35e4a0 (8 bytes)
1740977279.359547 sending message 105 to peer 0x55bdce35e4a0 (15 bytes)
1740977279.359549 sending message 105 to peer 0x55bdce35e4a0 (32 bytes)
1740977279.359561 sending message 105 to peer 0x55bdce35e4a0 (1506 bytes)
1740977279.359568 sending message 105 to peer 0x55bdce35e4a0 (21 bytes)
1740977279.359571 sending message 105 to peer 0x55bdce35e4a0 (53 bytes)
1740977279.359574 sending message 105 to peer 0x55bdce35e4a0 (16 bytes)
1740977279.359576 sending message 105 to peer 0x55bdce35e4a0 (26 bytes)
1740977279.359579 sending message 105 to peer 0x55bdce35e4a0 (62 bytes)
1740977279.359581 sending message 105 to peer 0x55bdce35e4a0 (20 bytes)
1740977279.359584 sending message 105 to peer 0x55bdce35e4a0 (11 bytes)
1740977279.359586 sending message 105 to peer 0x55bdce35e4a0 (1816 bytes)
1740977279.359590 sending message 105 to peer 0x55bdce35e4a0 (40 bytes)
1740977279.359592 sending message 105 to peer 0x55bdce35e4a0 (31 bytes)
1740977279.359595 sending message 105 to peer 0x55bdce35e4a0 (15 bytes)
1740977279.359597 sending message 105 to peer 0x55bdce35e4a0 (8 bytes)
1740977279.359600 sending message 105 to peer 0x55bdce35e4a0 (21 bytes)
1740977279.359602 sending message 105 to peer 0x55bdce35e4a0 (37 bytes)
1740977279.359605 sending message 105 to peer 0x55bdce35e4a0 (13 bytes)
1740977279.359607 sending message 105 to peer 0x55bdce35e4a0 (53 bytes)
1740977279.359610 sending message 105 to peer 0x55bdce35e4a0 (12 bytes)
1740977279.359612 sending message 105 to peer 0x55bdce35e4a0 (26 bytes)
1740977279.359615 sending message 105 to peer 0x55bdce35e4a0 (24 bytes)
1740977279.359617 sending message 105 to peer 0x55bdce35e4a0 (33 bytes)
1740977279.359620 sending message 105 to peer 0x55bdce35e4a0 (29 bytes)
1740977279.359622 sending message 105 to peer 0x55bdce35e4a0 (36 bytes)
1740977279.359625 sending message 105 to peer 0x55bdce35e4a0 (53 bytes)
1740977279.359627 sending message 105 to peer 0x55bdce35e4a0 (48 bytes)
1740977279.359630 sending message 105 to peer 0x55bdce35e4a0 (32 bytes)
1740977279.359632 sending message 105 to peer 0x55bdce35e4a0 (28 bytes)
1740977279.359635 sending message 105 to peer 0x55bdce35e4a0 (23 bytes)
1740977279.359637 sending message 105 to peer 0x55bdce35e4a0 (16 bytes)
1740977279.359640 sending message 105 to peer 0x55bdce35e4a0 (115 bytes)
1740977279.359642 sending message 105 to peer 0x55bdce35e4a0 (70 bytes)
1740977279.359645 sending message 106 to peer 0x55bdce35e4a0 (0 bytes)
1740977279.359648 sending message 200 to peer 0x55bdce35e4a0 (4 bytes)
1740977279.359650 client loop enter
1740977279.359921 peer 0x55bdce35e4a0 message 211
1740977279.359934 client_write: sessions should be nested with care, unset $TMUX to force\n
1740977279.359960 peer 0x55bdce35e4a0 message 203
1740977279.359967 client loop exit
